<?xml version="1.0" encoding="UTF-8"?>
<!-- Generated by org.testng.reporters.JUnitXMLReporter -->
<testsuite hostname="ip-172-31-91-3" ignored="4" name="Test" tests="2" failures="0" timestamp="2021-10-25T06:59:34 UTC" time="0.056" errors="0">
  <testcase name="CreditCardTest" time="0.011" classname="test.Testcase2"/>
  <testcase name="CarLoanTest" time="0.001" classname="test.Testcase1"/>
  <testcase name="HomeLoanTest" time="0.0" classname="test.Testcase1">
    <ignored/>
  </testcase> <!-- HomeLoanTest -->
  <testcase name="HomeLoanTest1" time="0.0" classname="test.Testcase1">
    <ignored/>
  </testcase> <!-- HomeLoanTest1 -->
  <testcase name="@BeforeTest BeforeTest" time="0.0" classname="test.Baseclass">
    <ignored/>
  </testcase> <!-- @BeforeTest BeforeTest -->
  <testcase name="@AfterTest AfterTest" time="0.0" classname="test.Baseclass">
    <ignored/>
  </testcase> <!-- @AfterTest AfterTest -->
</testsuite> <!-- Test -->
