<?xml version="1.0" encoding="UTF-8"?>
<testng-results skipped="0" failed="0" ignored="0" total="2" passed="2">
  <reporter-output>
  </reporter-output>
  <suite name="Suite" duration-ms="10410" started-at="2021-10-28T06:55:43 UTC" finished-at="2021-10-28T06:55:54 UTC">
    <groups>
    </groups>
    <test name="Test" duration-ms="10410" started-at="2021-10-28T06:55:43 UTC" finished-at="2021-10-28T06:55:54 UTC">
      <class name="test.LoginTest">
        <test-method status="PASS" signature="ReportSetup()[pri:0, instance:test.LoginTest@51e2adc7]" name="ReportSetup" is-config="true" duration-ms="180" started-at="2021-10-28T06:55:43 UTC" finished-at="2021-10-28T06:55:44 UTC">
          <reporter-output>
          </reporter-output>
        </test-method> <!-- ReportSetup -->
        <test-method status="PASS" signature="setup()[pri:0, instance:test.LoginTest@51e2adc7]" name="setup" is-config="true" duration-ms="1803" started-at="2021-10-28T06:55:44 UTC" finished-at="2021-10-28T06:55:45 UTC">
          <reporter-output>
          </reporter-output>
        </test-method> <!-- setup -->
        <test-method status="PASS" signature="negetivelogin(java.lang.String,java.lang.String)[pri:0, instance:test.LoginTest@51e2adc7]" name="negetivelogin" duration-ms="3822" started-at="2021-10-28T06:55:45 UTC" finished-at="2021-10-28T06:55:49 UTC">
          <params>
            <param index="0">
              <value>
                <![CDATA[abc@gmail.com]]>
              </value>
            </param>
            <param index="1">
              <value>
                <![CDATA[ABCdefg1234##]]>
              </value>
            </param>
          </params>
          <reporter-output>
          </reporter-output>
        </test-method> <!-- negetivelogin -->
        <test-method status="PASS" signature="teardown()[pri:0, instance:test.LoginTest@51e2adc7]" name="teardown" is-config="true" duration-ms="88" started-at="2021-10-28T06:55:49 UTC" finished-at="2021-10-28T06:55:49 UTC">
          <reporter-output>
          </reporter-output>
        </test-method> <!-- teardown -->
        <test-method status="PASS" signature="setup()[pri:0, instance:test.LoginTest@51e2adc7]" name="setup" is-config="true" duration-ms="1551" started-at="2021-10-28T06:55:49 UTC" finished-at="2021-10-28T06:55:51 UTC">
          <reporter-output>
          </reporter-output>
        </test-method> <!-- setup -->
        <test-method status="PASS" signature="positivelogin(java.lang.String,java.lang.String)[pri:0, instance:test.LoginTest@51e2adc7]" name="positivelogin" duration-ms="2427" started-at="2021-10-28T06:55:51 UTC" finished-at="2021-10-28T06:55:53 UTC">
          <params>
            <param index="0">
              <value>
                <![CDATA[abc@gmail.com]]>
              </value>
            </param>
            <param index="1">
              <value>
                <![CDATA[ABCdefg1234##]]>
              </value>
            </param>
          </params>
          <reporter-output>
          </reporter-output>
        </test-method> <!-- positivelogin -->
        <test-method status="PASS" signature="teardown()[pri:0, instance:test.LoginTest@51e2adc7]" name="teardown" is-config="true" duration-ms="76" started-at="2021-10-28T06:55:53 UTC" finished-at="2021-10-28T06:55:53 UTC">
          <reporter-output>
          </reporter-output>
        </test-method> <!-- teardown -->
        <test-method status="PASS" signature="ReportTearDown()[pri:0, instance:test.LoginTest@51e2adc7]" name="ReportTearDown" is-config="true" duration-ms="390" started-at="2021-10-28T06:55:53 UTC" finished-at="2021-10-28T06:55:54 UTC">
          <reporter-output>
          </reporter-output>
        </test-method> <!-- ReportTearDown -->
      </class> <!-- test.LoginTest -->
    </test> <!-- Test -->
  </suite> <!-- Suite -->
</testng-results>
