<?xml version="1.0" encoding="UTF-8"?>
<testng-results skipped="0" failed="0" ignored="0" total="2" passed="2">
  <reporter-output>
  </reporter-output>
  <suite name="Default suite" duration-ms="54" started-at="2021-10-25T07:21:30 UTC" finished-at="2021-10-25T07:21:30 UTC">
    <groups>
      <group name="sanity">
        <method signature="Testcase2.CCTest()[pri:0, instance:test.Testcase2@536aaa8d]" name="CCTest" class="test.Testcase2"/>
        <method signature="Testcase2.CreditCardTest()[pri:0, instance:test.Testcase2@536aaa8d]" name="CreditCardTest" class="test.Testcase2"/>
      </group> <!-- sanity -->
    </groups>
    <test name="Default test" duration-ms="54" started-at="2021-10-25T07:21:30 UTC" finished-at="2021-10-25T07:21:30 UTC">
      <class name="test.Testcase2">
        <test-method status="PASS" signature="BeforeTest()[pri:0, instance:test.Testcase2@536aaa8d]" name="BeforeTest" is-config="true" duration-ms="6" started-at="2021-10-25T07:21:30 UTC" finished-at="2021-10-25T07:21:30 UTC">
          <reporter-output>
          </reporter-output>
        </test-method> <!-- BeforeTest -->
        <test-method status="PASS" signature="BeforeClassM()[pri:0, instance:test.Testcase2@536aaa8d]" name="BeforeClassM" is-config="true" duration-ms="0" started-at="2021-10-25T07:21:30 UTC" finished-at="2021-10-25T07:21:30 UTC">
          <reporter-output>
          </reporter-output>
        </test-method> <!-- BeforeClassM -->
        <test-method status="PASS" signature="setup()[pri:0, instance:test.Testcase2@536aaa8d]" name="setup" is-config="true" duration-ms="1" started-at="2021-10-25T07:21:30 UTC" finished-at="2021-10-25T07:21:30 UTC">
          <reporter-output>
          </reporter-output>
        </test-method> <!-- setup -->
        <test-method status="PASS" signature="CCTest()[pri:0, instance:test.Testcase2@536aaa8d]" name="CCTest" duration-ms="5" started-at="2021-10-25T07:21:30 UTC" description="This is credit card Test" finished-at="2021-10-25T07:21:30 UTC">
          <reporter-output>
          </reporter-output>
        </test-method> <!-- CCTest -->
        <test-method status="PASS" signature="Teardown()[pri:0, instance:test.Testcase2@536aaa8d]" name="Teardown" is-config="true" duration-ms="0" started-at="2021-10-25T07:21:30 UTC" finished-at="2021-10-25T07:21:30 UTC">
          <reporter-output>
          </reporter-output>
        </test-method> <!-- Teardown -->
        <test-method status="PASS" signature="CreditCardTest()[pri:0, instance:test.Testcase2@536aaa8d]" name="CreditCardTest" duration-ms="2" started-at="2021-10-25T07:21:30 UTC" description="This is credit card Test" depends-on-methods="test.Testcase2.CCTest" finished-at="2021-10-25T07:21:30 UTC">
          <reporter-output>
          </reporter-output>
        </test-method> <!-- CreditCardTest -->
        <test-method status="PASS" signature="setup()[pri:0, instance:test.Testcase2@536aaa8d]" name="setup" is-config="true" duration-ms="0" started-at="2021-10-25T07:21:30 UTC" finished-at="2021-10-25T07:21:30 UTC">
          <reporter-output>
          </reporter-output>
        </test-method> <!-- setup -->
        <test-method status="PASS" signature="Teardown()[pri:0, instance:test.Testcase2@536aaa8d]" name="Teardown" is-config="true" duration-ms="0" started-at="2021-10-25T07:21:30 UTC" finished-at="2021-10-25T07:21:30 UTC">
          <reporter-output>
          </reporter-output>
        </test-method> <!-- Teardown -->
        <test-method status="PASS" signature="AfterTest()[pri:0, instance:test.Testcase2@536aaa8d]" name="AfterTest" is-config="true" duration-ms="0" started-at="2021-10-25T07:21:30 UTC" finished-at="2021-10-25T07:21:30 UTC">
          <reporter-output>
          </reporter-output>
        </test-method> <!-- AfterTest -->
        <test-method status="PASS" signature="AfterClassM()[pri:0, instance:test.Testcase2@536aaa8d]" name="AfterClassM" is-config="true" duration-ms="0" started-at="2021-10-25T07:21:30 UTC" finished-at="2021-10-25T07:21:30 UTC">
          <reporter-output>
          </reporter-output>
        </test-method> <!-- AfterClassM -->
      </class> <!-- test.Testcase2 -->
    </test> <!-- Default test -->
  </suite> <!-- Default suite -->
</testng-results>
